{"C:\\verstka\\learn\\sultan\\src\\api\\CategoriesService.ts": {"path":"C:\\verstka\\learn\\sultan\\src\\api\\CategoriesService.ts","statementMap":{"0":{"start":{"line":1,"column":0},"end":{"line":1,"column":51}},"1":{"start":{"line":2,"column":0},"end":{"line":2,"column":25}},"2":{"start":{"line":6,"column":13},"end":{"line":20,"column":null}},"3":{"start":{"line":8,"column":22},"end":{"line":19,"column":null}},"4":{"start":{"line":10,"column":29},"end":{"line":12,"column":null}},"5":{"start":{"line":10,"column":18},"end":{"line":12,"column":null}},"6":{"start":{"line":13,"column":12},"end":{"line":13,"column":null}},"7":{"start":{"line":15,"column":12},"end":{"line":17,"column":null}}},"fnMap":{"0":{"name":"(anonymous_14)","decl":{"start":{"line":8,"column":4},"end":{"line":8,"column":11}},"loc":{"start":{"line":8,"column":22},"end":{"line":19,"column":null}}},"1":{"name":"(anonymous_15)","decl":{"start":{"line":8,"column":22},"end":{"line":8,"column":null}},"loc":{"start":{"line":8,"column":22},"end":{"line":19,"column":null}}}},"branchMap":{},"s":{"0":1,"1":1,"2":1,"3":0,"4":0,"5":0,"6":0,"7":0},"f":{"0":0,"1":0},"b":{}}
,"C:\\verstka\\learn\\sultan\\src\\api\\MakersService.ts": {"path":"C:\\verstka\\learn\\sultan\\src\\api\\MakersService.ts","statementMap":{"0":{"start":{"line":1,"column":0},"end":{"line":1,"column":51}},"1":{"start":{"line":2,"column":0},"end":{"line":2,"column":25}},"2":{"start":{"line":6,"column":13},"end":{"line":20,"column":null}},"3":{"start":{"line":8,"column":22},"end":{"line":19,"column":null}},"4":{"start":{"line":10,"column":29},"end":{"line":12,"column":null}},"5":{"start":{"line":10,"column":18},"end":{"line":12,"column":null}},"6":{"start":{"line":13,"column":12},"end":{"line":13,"column":null}},"7":{"start":{"line":15,"column":12},"end":{"line":17,"column":null}}},"fnMap":{"0":{"name":"(anonymous_14)","decl":{"start":{"line":8,"column":4},"end":{"line":8,"column":11}},"loc":{"start":{"line":8,"column":22},"end":{"line":19,"column":null}}},"1":{"name":"(anonymous_15)","decl":{"start":{"line":8,"column":22},"end":{"line":8,"column":null}},"loc":{"start":{"line":8,"column":22},"end":{"line":19,"column":null}}}},"branchMap":{},"s":{"0":1,"1":1,"2":1,"3":0,"4":0,"5":0,"6":0,"7":0},"f":{"0":0,"1":0},"b":{}}
,"C:\\verstka\\learn\\sultan\\src\\api\\index.ts": {"path":"C:\\verstka\\learn\\sultan\\src\\api\\index.ts","statementMap":{"0":{"start":{"line":1,"column":0},"end":{"line":1,"column":9}},"1":{"start":{"line":8,"column":28},"end":{"line":1,"column":53}},"2":{"start":{"line":2,"column":0},"end":{"line":2,"column":9}},"3":{"start":{"line":8,"column":45},"end":{"line":2,"column":45}},"4":{"start":{"line":4,"column":0},"end":{"line":4,"column":9}},"5":{"start":{"line":8,"column":9},"end":{"line":4,"column":69}},"6":{"start":{"line":6,"column":0},"end":{"line":6,"column":9}},"7":{"start":{"line":8,"column":58},"end":{"line":6,"column":59}}},"fnMap":{"0":{"name":"(anonymous_0)","decl":{"start":{"line":8,"column":28},"end":{"line":8,"column":43}},"loc":{"start":{"line":8,"column":28},"end":{"line":1,"column":53}}},"1":{"name":"(anonymous_1)","decl":{"start":{"line":8,"column":45},"end":{"line":8,"column":56}},"loc":{"start":{"line":8,"column":45},"end":{"line":2,"column":45}}},"2":{"name":"(anonymous_2)","decl":{"start":{"line":8,"column":9},"end":{"line":8,"column":26}},"loc":{"start":{"line":8,"column":9},"end":{"line":4,"column":69}}},"3":{"name":"(anonymous_3)","decl":{"start":{"line":8,"column":58},"end":{"line":8,"column":74}},"loc":{"start":{"line":8,"column":58},"end":{"line":6,"column":59}}}},"branchMap":{},"s":{"0":1,"1":1,"2":1,"3":1,"4":1,"5":2,"6":1,"7":1},"f":{"0":0,"1":0,"2":1,"3":0},"b":{}}
,"C:\\verstka\\learn\\sultan\\src\\api\\product\\ProductService.ts": {"path":"C:\\verstka\\learn\\sultan\\src\\api\\product\\ProductService.ts","statementMap":{"0":{"start":{"line":1,"column":0},"end":{"line":1,"column":51}},"1":{"start":{"line":2,"column":0},"end":{"line":2,"column":25}},"2":{"start":{"line":6,"column":13},"end":{"line":20,"column":null}},"3":{"start":{"line":8,"column":23},"end":{"line":19,"column":null}},"4":{"start":{"line":10,"column":29},"end":{"line":12,"column":null}},"5":{"start":{"line":10,"column":18},"end":{"line":12,"column":null}},"6":{"start":{"line":13,"column":12},"end":{"line":13,"column":null}},"7":{"start":{"line":15,"column":12},"end":{"line":17,"column":null}}},"fnMap":{"0":{"name":"(anonymous_14)","decl":{"start":{"line":8,"column":4},"end":{"line":8,"column":11}},"loc":{"start":{"line":8,"column":23},"end":{"line":19,"column":null}}},"1":{"name":"(anonymous_15)","decl":{"start":{"line":8,"column":23},"end":{"line":8,"column":null}},"loc":{"start":{"line":8,"column":23},"end":{"line":19,"column":null}}}},"branchMap":{},"s":{"0":1,"1":1,"2":1,"3":0,"4":0,"5":0,"6":0,"7":0},"f":{"0":0,"1":0},"b":{}}
,"C:\\verstka\\learn\\sultan\\src\\api\\productList\\ProductsListService.ts": {"path":"C:\\verstka\\learn\\sultan\\src\\api\\productList\\ProductsListService.ts","statementMap":{"0":{"start":{"line":1,"column":0},"end":{"line":1,"column":51}},"1":{"start":{"line":2,"column":0},"end":{"line":2,"column":25}},"2":{"start":{"line":6,"column":13},"end":{"line":21,"column":null}},"3":{"start":{"line":8,"column":22},"end":{"line":20,"column":null}},"4":{"start":{"line":10,"column":29},"end":{"line":12,"column":null}},"5":{"start":{"line":10,"column":18},"end":{"line":12,"column":null}},"6":{"start":{"line":14,"column":12},"end":{"line":14,"column":null}},"7":{"start":{"line":16,"column":12},"end":{"line":18,"column":null}}},"fnMap":{"0":{"name":"(anonymous_14)","decl":{"start":{"line":8,"column":4},"end":{"line":8,"column":11}},"loc":{"start":{"line":8,"column":22},"end":{"line":20,"column":null}}},"1":{"name":"(anonymous_15)","decl":{"start":{"line":8,"column":22},"end":{"line":8,"column":null}},"loc":{"start":{"line":8,"column":22},"end":{"line":20,"column":null}}}},"branchMap":{},"s":{"0":1,"1":1,"2":1,"3":1,"4":1,"5":1,"6":1,"7":0},"f":{"0":1,"1":1},"b":{}}
}
